#
# There is insufficient memory for the Java Runtime Environment to continue.
# Native memory allocation (malloc) failed to allocate 1026576 bytes for Chunk::new
# Possible reasons:
#   The system is out of physical RAM or swap space
#   In 32 bit mode, the process size limit was hit
# Possible solutions:
#   Reduce memory load on the system
#   Increase physical memory or swap space
#   Check if swap backing store is full
#   Use 64 bit Java on a 64 bit OS
#   Decrease Java heap size (-Xmx/-Xms)
#   Decrease number of Java threads
#   Decrease Java thread stack sizes (-Xss)
#   Set larger code cache with -XX:ReservedCodeCacheSize=
# This output file may be truncated or incomplete.
#
#  Out of Memory Error (allocation.cpp:390), pid=6452, tid=2504
#
# JRE version: Java(TM) SE Runtime Environment (8.0_91-b14) (build 1.8.0_91-b14)
# Java VM: Java HotSpot(TM) 64-Bit Server VM (25.91-b14 mixed mode windows-amd64 compressed oops)
# Failed to write core dump. Minidumps are not enabled by default on client versions of Windows
#

---------------  T H R E A D  ---------------

Current thread (0x0000000054f36800):  JavaThread "C2 CompilerThread0" daemon [_thread_in_native, id=2504, stack(0x00000000567b0000,0x00000000568b0000)]

Stack: [0x00000000567b0000,0x00000000568b0000]
[error occurred during error reporting (printing stack bounds), id 0xc0000005]

Native frames: (J=compiled Java code, j=interpreted, Vv=VM code, C=native code)


Current CompileTask:
C2:  21170 2203       4       com.android.dx.dex.code.OutputFinisher::addConstants (93 bytes)


---------------  P R O C E S S  ---------------

Java Threads: ( => current thread )
  0x0000000056a4f000 JavaThread "Service Thread" daemon [_thread_blocked, id=6440, stack(0x0000000057000000,0x0000000057100000)]
  0x0000000056a4c000 JavaThread "C1 CompilerThread2" daemon [_thread_blocked, id=6496, stack(0x0000000056ea0000,0x0000000056fa0000)]
  0x0000000054f3b000 JavaThread "C2 CompilerThread1" daemon [_thread_blocked, id=6944, stack(0x00000000568f0000,0x00000000569f0000)]
=>0x0000000054f36800 JavaThread "C2 CompilerThread0" daemon [_thread_in_native, id=2504, stack(0x00000000567b0000,0x00000000568b0000)]
  0x0000000054f32800 JavaThread "Attach Listener" daemon [_thread_blocked, id=6700, stack(0x0000000056500000,0x0000000056600000)]
  0x0000000054f13800 JavaThread "Finalizer" daemon [_thread_blocked, id=3412, stack(0x00000000561c0000,0x00000000562c0000)]
  0x0000000054ed2000 JavaThread "Reference Handler" daemon [_thread_blocked, id=2900, stack(0x0000000055e20000,0x0000000055f20000)]

Other Threads:
  0x0000000054eca800 VMThread [stack: 0x0000000055fb0000,0x00000000560b0000] [id=5824]

VM state:at safepoint (normal execution)

VM Mutex/Monitor currently owned by a thread:  ([mutex/lock_event])
[0x000000000220c6e0] Threads_lock - owner thread: 0x0000000054eca800
[0x000000000220cbe0] Heap_lock - owner thread: 0x000000000220e000

Heap:
 PSYoungGen      total 70656K, used 27707K [0x00000000eab00000, 0x00000000f3500000, 0x0000000100000000)
  eden space 65536K, 34% used [0x00000000eab00000,0x00000000ec1134c8,0x00000000eeb00000)
  from space 5120K, 99% used [0x00000000eeb00000,0x00000000eeffb800,0x00000000ef000000)
  to   space 5120K, 0% used [0x00000000f3000000,0x00000000f3000000,0x00000000f3500000)
 ParOldGen       total 86016K, used 15129K [0x00000000c0000000, 0x00000000c5400000, 0x00000000eab00000)
  object space 86016K, 17% used [0x00000000c0000000,0x00000000c0ec64d0,0x00000000c5400000)
 Metaspace       used 7025K, capacity 7608K, committed 7936K, reserved 1056768K
  class space    used 658K, capacity 688K, committed 768K, reserved 1048576K

Card table byte_map: [0x0000000011b00000,0x0000000011d10000] byte_map_base: 0x0000000011500000

Marking Bits: (ParMarkBitMap*) 0x0000000069662f70
 Begin Bits: [0x0000000012340000, 0x0000000013340000)
 End Bits:   [0x0000000013340000, 0x0000000014340000)

Polling page: 0x0000000000370000

CodeCache: size=245760Kb used=10902Kb max_used=10902Kb free=234857Kb
 bounds [0x0000000002740000, 0x00000000031f0000, 0x0000000011740000]
 total_blobs=2643 nmethods=2367 adapters=189
 compilation: enabled

Compilation events (10 events):
Event: 21.106 Thread 0x0000000056a4c000 2639       2       java.lang.Integer::reverseBytes (26 bytes)
Event: 21.106 Thread 0x0000000056a4c000 nmethod 2639 0x00000000031e9bd0 code [0x00000000031e9d20, 0x00000000031e9e70]
Event: 21.108 Thread 0x0000000056a4c000 2640       2       sun.security.provider.SHA::implCompress (491 bytes)
Event: 21.109 Thread 0x0000000056a4c000 nmethod 2640 0x00000000031e9ed0 code [0x00000000031ea0a0, 0x00000000031ea808]
Event: 21.110 Thread 0x0000000056a4c000 2641 %     3       sun.security.provider.SHA::implCompress @ 12 (491 bytes)
Event: 21.111 Thread 0x0000000056a4c000 nmethod 2641% 0x00000000031eb050 code [0x00000000031eb240, 0x00000000031ebbc8]
Event: 21.111 Thread 0x0000000056a4c000 2642       3       sun.security.provider.SHA::implCompress (491 bytes)
Event: 21.112 Thread 0x0000000056a4c000 nmethod 2642 0x00000000031ec550 code [0x00000000031ec740, 0x00000000031ed028]
Event: 21.113 Thread 0x0000000056a4c000 2644       2       sun.security.provider.ByteArrayAccess::b2iBig64 (614 bytes)
Event: 21.114 Thread 0x0000000056a4c000 nmethod 2644 0x00000000031ed890 code [0x00000000031eda20, 0x00000000031ee168]

GC Heap History (6 events):
Event: 4.059 GC heap before
{Heap before GC invocations=1 (full 0):
 PSYoungGen      total 37888K, used 32768K [0x00000000eab00000, 0x00000000ed500000, 0x0000000100000000)
  eden space 32768K, 100% used [0x00000000eab00000,0x00000000ecb00000,0x00000000ecb00000)
  from space 5120K, 0% used [0x00000000ed000000,0x00000000ed000000,0x00000000ed500000)
  to   space 5120K, 0% used [0x00000000ecb00000,0x00000000ecb00000,0x00000000ed000000)
 ParOldGen       total 86016K, used 0K [0x00000000c0000000, 0x00000000c5400000, 0x00000000eab00000)
  object space 86016K, 0% used [0x00000000c0000000,0x00000000c0000000,0x00000000c5400000)
 Metaspace       used 5865K, capacity 6768K, committed 7040K, reserved 1056768K
  class space    used 601K, capacity 616K, committed 640K, reserved 1048576K
Event: 4.346 GC heap after
Heap after GC invocations=1 (full 0):
 PSYoungGen      total 37888K, used 5095K [0x00000000eab00000, 0x00000000ef500000, 0x0000000100000000)
  eden space 32768K, 0% used [0x00000000eab00000,0x00000000eab00000,0x00000000ecb00000)
  from space 5120K, 99% used [0x00000000ecb00000,0x00000000ecff9c98,0x00000000ed000000)
  to   space 5120K, 0% used [0x00000000ef000000,0x00000000ef000000,0x00000000ef500000)
 ParOldGen       total 86016K, used 1228K [0x00000000c0000000, 0x00000000c5400000, 0x00000000eab00000)
  object space 86016K, 1% used [0x00000000c0000000,0x00000000c0133200,0x00000000c5400000)
 Metaspace       used 5865K, capacity 6768K, committed 7040K, reserved 1056768K
  class space    used 601K, capacity 616K, committed 640K, reserved 1048576K
}
Event: 8.264 GC heap before
{Heap before GC invocations=2 (full 0):
 PSYoungGen      total 37888K, used 37863K [0x00000000eab00000, 0x00000000ef500000, 0x0000000100000000)
  eden space 32768K, 100% used [0x00000000eab00000,0x00000000ecb00000,0x00000000ecb00000)
  from space 5120K, 99% used [0x00000000ecb00000,0x00000000ecff9c98,0x00000000ed000000)
  to   space 5120K, 0% used [0x00000000ef000000,0x00000000ef000000,0x00000000ef500000)
 ParOldGen       total 86016K, used 1228K [0x00000000c0000000, 0x00000000c5400000, 0x00000000eab00000)
  object space 86016K, 1% used [0x00000000c0000000,0x00000000c0133200,0x00000000c5400000)
 Metaspace       used 6186K, capacity 7090K, committed 7296K, reserved 1056768K
  class space    used 602K, capacity 618K, committed 640K, reserved 1048576K
Event: 9.101 GC heap after
Heap after GC invocations=2 (full 0):
 PSYoungGen      total 70656K, used 5102K [0x00000000eab00000, 0x00000000ef500000, 0x0000000100000000)
  eden space 65536K, 0% used [0x00000000eab00000,0x00000000eab00000,0x00000000eeb00000)
  from space 5120K, 99% used [0x00000000ef000000,0x00000000ef4fba70,0x00000000ef500000)
  to   space 5120K, 0% used [0x00000000eeb00000,0x00000000eeb00000,0x00000000ef000000)
 ParOldGen       total 86016K, used 5167K [0x00000000c0000000, 0x00000000c5400000, 0x00000000eab00000)
  object space 86016K, 6% used [0x00000000c0000000,0x00000000c050bfc0,0x00000000c5400000)
 Metaspace       used 6186K, capacity 7090K, committed 7296K, reserved 1056768K
  class space    used 602K, capacity 618K, committed 640K, reserved 1048576K
}
Event: 18.584 GC heap before
{Heap before GC invocations=3 (full 0):
 PSYoungGen      total 70656K, used 70638K [0x00000000eab00000, 0x00000000ef500000, 0x0000000100000000)
  eden space 65536K, 100% used [0x00000000eab00000,0x00000000eeb00000,0x00000000eeb00000)
  from space 5120K, 99% used [0x00000000ef000000,0x00000000ef4fba70,0x00000000ef500000)
  to   space 5120K, 0% used [0x00000000eeb00000,0x00000000eeb00000,0x00000000ef000000)
 ParOldGen       total 86016K, used 5167K [0x00000000c0000000, 0x00000000c5400000, 0x00000000eab00000)
  object space 86016K, 6% used [0x00000000c0000000,0x00000000c050bfc0,0x00000000c5400000)
 Metaspace       used 6291K, capacity 7154K, committed 7296K, reserved 1056768K
  class space    used 603K, capacity 618K, committed 640K, reserved 1048576K
Event: 18.721 GC heap after
Heap after GC invocations=3 (full 0):
 PSYoungGen      total 70656K, used 5102K [0x00000000eab00000, 0x00000000f3500000, 0x0000000100000000)
  eden space 65536K, 0% used [0x00000000eab00000,0x00000000eab00000,0x00000000eeb00000)
  from space 5120K, 99% used [0x00000000eeb00000,0x00000000eeffb800,0x00000000ef000000)
  to   space 5120K, 0% used [0x00000000f3000000,0x00000000f3000000,0x00000000f3500000)
 ParOldGen       total 86016K, used 15129K [0x00000000c0000000, 0x00000000c5400000, 0x00000000eab00000)
  object space 86016K, 17% used [0x00000000c0000000,0x00000000c0ec64d0,0x00000000c5400000)
 Metaspace       used 6291K, capacity 7154K, committed 7296K, reserved 1056768K
  class space    used 603K, capacity 618K, committed 640K, reserved 1048576K
}

Deoptimization events (10 events):
Event: 20.653 Thread 0x0000000056c7d800 Uncommon trap: reason=unstable_if action=reinterpret pc=0x00000000029b74e0 method=java.util.Arrays.equals([Ljava/lang/Object;[Ljava/lang/Object;)Z @ 23
Event: 20.744 Thread 0x0000000056c7d800 Uncommon trap: reason=unstable_if action=reinterpret pc=0x0000000003064fe0 method=java.util.TreeMap.put(Ljava/lang/Object;Ljava/lang/Object;)Ljava/lang/Object; @ 163
Event: 20.896 Thread 0x0000000056c7d800 Uncommon trap: reason=unstable_if action=reinterpret pc=0x000000000298483c method=java.lang.Long.numberOfTrailingZeros(J)I @ 3
Event: 21.096 Thread 0x0000000056c7d800 Uncommon trap: reason=unstable_if action=reinterpret pc=0x00000000029b41e8 method=java.util.Arrays.copyOf([Ljava/lang/Object;ILjava/lang/Class;)[Ljava/lang/Object; @ 3
Event: 21.098 Thread 0x0000000056c7d800 Uncommon trap: reason=speculate_class_check action=maybe_recompile pc=0x00000000030aa6ac method=java.util.HashMap.putVal(ILjava/lang/Object;Ljava/lang/Object;ZZ)Ljava/lang/Object; @ 56
Event: 21.099 Thread 0x0000000056c7d800 Uncommon trap: reason=speculate_class_check action=maybe_recompile pc=0x00000000030aa70c method=java.util.HashMap.putVal(ILjava/lang/Object;Ljava/lang/Object;ZZ)Ljava/lang/Object; @ 152
Event: 21.099 Thread 0x0000000056c7d800 Uncommon trap: reason=speculate_class_check action=maybe_recompile pc=0x00000000030aa6ac method=java.util.HashMap.putVal(ILjava/lang/Object;Ljava/lang/Object;ZZ)Ljava/lang/Object; @ 56
Event: 21.099 Thread 0x0000000056c7d800 Uncommon trap: reason=speculate_class_check action=maybe_recompile pc=0x00000000030aa6ac method=java.util.HashMap.putVal(ILjava/lang/Object;Ljava/lang/Object;ZZ)Ljava/lang/Object; @ 56
Event: 21.099 Thread 0x0000000056c7d800 Uncommon trap: reason=class_check action=maybe_recompile pc=0x00000000030ad788 method=java.util.HashMap.putVal(ILjava/lang/Object;Ljava/lang/Object;ZZ)Ljava/lang/Object; @ 56
Event: 21.099 Thread 0x0000000056c7d800 Uncommon trap: reason=class_check action=maybe_recompile pc=0x00000000030ad788 method=java.util.HashMap.putVal(ILjava/lang/Object;Ljava/lang/Object;ZZ)Ljava/lang/Object; @ 56

Internal exceptions (8 events):
Event: 1.482 Thread 0x000000000220e000 Exception <a 'java/lang/NoSuchMethodError': Method sun.misc.Unsafe.defineClass(Ljava/lang/String;[BII)Ljava/lang/Class; name or signature does not match> (0x00000000eab07cc0) thrown at [C:\re\workspace\8-2-build-windows-amd64-cygwin\jdk8u91\6644\hotspot\sr=™ŒÇö´÷?
Event: 1.482 Thread 0x000000000220e000 Exception <a 'java/lang/NoSuchMethodError': Method sun.misc.Unsafe.prefetchRead(Ljava/lang/Object;J)V name or signature does not match> (0x00000000eab07fa8) thrown at [C:\re\workspace\8-2-build-windows-amd64-cygwin\jdk8u91\6644\hotspot\src\share\vm\prims\j˜-r„YÄ,@
Event: 14.383 Thread 0x0000000056cd8800 Implicit null exception at 0x00000000029c23ef to 0x00000000029c3d15
Event: 16.057 Thread 0x0000000056d1b800 Implicit null exception at 0x0000000002f2664b to 0x0000000002f2733d
Event: 16.915 Thread 0x0000000056d22800 Implicit null exception at 0x00000000029bc13e to 0x00000000029bdb9d
Event: 16.990 Thread 0x0000000056d22800 Implicit null exception at 0x0000000002e47742 to 0x0000000002e4939d
Event: 16.991 Thread 0x0000000056d22800 Implicit null exception at 0x0000000002cd4e7b to 0x0000000002cd664d
Event: 16.991 Thread 0x0000000056d22800 Implicit null exception at 0x0000000002dcd3de to 0x0000000002dcf125

Events (10 events):
Event: 21.124 Thread 0x000000000220e000 Thread added: 0x000000000220e000
Event: 21.124 Executing VM operation: RevokeBias
Event: 21.124 Executing VM operation: RevokeBias done
Event: 21.124 Thread 0x0000000056c7d800 Thread exited: 0x0000000056c7d800
Event: 21.124 loading class java/lang/Shutdown
Event: 21.124 loading class java/lang/Shutdown done
Event: 21.124 loading class java/lang/Shutdown$Lock
Event: 21.124 loading class java/lang/Shutdown$Lock done
Event: 21.125 Thread 0x0000000054f31000 Thread exited: 0x0000000054f31000
Event: 21.125 Thread 0x000000000220e000 Thread exited: 0x000000000220e000


Dynamic libraries:
0x000000013f660000 - 0x000000013f697000 	C:\Program Files\Java\jdk1.8.0_91\bin\java.exe
0x0000000077b40000 - 0x0000000077cea000 	C:\Windows\SYSTEM32\ntdll.dll
0x0000000077920000 - 0x0000000077a3f000 	C:\Windows\system32\kernel32.dll
0x000007fefdbc0000 - 0x000007fefdc2a000 	C:\Windows\system32\KERNELBASE.dll
0x000007fefe520000 - 0x000007fefe5fb000 	C:\Windows\system32\ADVAPI32.dll
0x000007feffd90000 - 0x000007feffe2f000 	C:\Windows\system32\msvcrt.dll
0x000007feffe30000 - 0x000007feffe4f000 	C:\Windows\SYSTEM32\sechost.dll
0x000007fefe190000 - 0x000007fefe2bd000 	C:\Windows\system32\RPCRT4.dll
0x0000000077a40000 - 0x0000000077b3a000 	C:\Windows\system32\USER32.dll
0x000007feff810000 - 0x000007feff877000 	C:\Windows\system32\GDI32.dll
0x000007fefdc80000 - 0x000007fefdc8e000 	C:\Windows\system32\LPK.dll
0x000007fefe630000 - 0x000007fefe6fa000 	C:\Windows\system32\USP10.dll
0x000007fefc320000 - 0x000007fefc514000 	C:\Windows\WinSxS\amd64_microsoft.windows.common-controls_6595b64144ccf1df_6.0.7601.18837_none_fa3b1e3d17594757\COMCTL32.dll
0x000007fefde70000 - 0x000007fefdee1000 	C:\Windows\system32\SHLWAPI.dll
0x000007fefe600000 - 0x000007fefe62e000 	C:\Windows\system32\IMM32.DLL
0x000007fefe080000 - 0x000007fefe189000 	C:\Windows\system32\MSCTF.dll
0x000007fefdb10000 - 0x000007fefdb15000 	C:\Windows\system32\api-ms-win-downlevel-advapi32-l1-1-0.dll
0x000007fefd6d0000 - 0x000007fefd6f5000 	C:\Windows\system32\SspiCli.dll
0x00000000703e0000 - 0x00000000704b2000 	C:\Program Files\Java\jdk1.8.0_91\jre\bin\msvcr100.dll
0x0000000068e50000 - 0x00000000696e3000 	C:\Program Files\Java\jdk1.8.0_91\jre\bin\server\jvm.dll
0x000007fef7ef0000 - 0x000007fef7ef9000 	C:\Windows\system32\WSOCK32.dll
0x000007feff720000 - 0x000007feff76d000 	C:\Windows\system32\WS2_32.dll
0x000007feff8a0000 - 0x000007feff8a8000 	C:\Windows\system32\NSI.dll
0x000007fefb810000 - 0x000007fefb84b000 	C:\Windows\system32\WINMM.dll
0x000007fefc9b0000 - 0x000007fefc9bc000 	C:\Windows\system32\VERSION.dll
0x0000000077d10000 - 0x0000000077d17000 	C:\Windows\system32\PSAPI.DLL
0x0000000075630000 - 0x000000007563f000 	C:\Program Files\Java\jdk1.8.0_91\jre\bin\verify.dll
0x0000000075600000 - 0x0000000075629000 	C:\Program Files\Java\jdk1.8.0_91\jre\bin\java.dll
0x00000000755e0000 - 0x00000000755f6000 	C:\Program Files\Java\jdk1.8.0_91\jre\bin\zip.dll
0x000007fefe700000 - 0x000007feff48a000 	C:\Windows\system32\SHELL32.dll
0x000007feffb80000 - 0x000007feffd83000 	C:\Windows\system32\ole32.dll
0x000007fefd8d0000 - 0x000007fefd8df000 	C:\Windows\system32\profapi.dll

VM Arguments:
jvm_args: -Djava.awt.headless=true -Xmx1024M -Dfile.encoding=windows-1252 -Duser.country=US -Duser.language=en -Duser.variant 
java_command: com.android.dx.command.Main --dex --force-jumbo --num-threads=4 --multi-dex --output C:\Users\Paul\AndroidStudioProjects\PopularMoviesDemo\app\build\intermediates\transforms\dex\debug\folders\1000\10\com.android.support-design-23.3.0_17e2f6ddba68bb8d54f20c018d0d188419c40fce C:\Users\Paul\AndroidStudioProjects\PopularMoviesDemo\app\build\intermediates\exploded-aar\com.android.support\design\23.3.0\jars\classes.jar
java_class_path (initial): C:\Users\Paul\AppData\Local\Android\sdk\build-tools\23.0.3\lib\dx.jar
Launcher Type: SUN_STANDARD

Environment Variables:
CLASSPATH=%CLASSPATH%;JUnit\junit4.12.jar;JUnit\junit4.12.jar;JUnit\junit4.12.jar
PATH=C:\ProgramData\Oracle\Java\javapath;C:\Python27\;C:\Python27\Scripts;C:\Python34\;C:\Python34\Scripts;C:\Windows\system32;C:\Windows;C:\Windows\System32\Wbem;C:\Windows\System32\WindowsPowerShell\v1.0\;C:\Program Files\Intel\WiFi\bin\;C:\Program Files\Common Files\Intel\WirelessCommon\;C:\Program Files\Crucial\Crucial Storage Executive\;C:\Python30\;C:\Program Files\Git\cmd\;C:\Program Files\Crucial\Crucial Storage Executive;C:\Users\Paul\AppData\Local\Android\sdk\platform-tools\;C:\Users\Paul\gradle;C:\Program Files (x86)\Lenovo\Access Connections\;C:\sqlite\;C:\JUnit;C:\Program Files (x86)\Skype\Phone\;C:\Program Files\Intel\WiFi\bin\;C:\Program Files\Common Files\Intel\WirelessCommon\
USERNAME=Paul
OS=Windows_NT
PROCESSOR_IDENTIFIER=Intel64 Family 6 Model 37 Stepping 5, GenuineIntel



---------------  S Y S T E M  ---------------

OS: Windows 7 , 64 bit Build 7601 (6.1.7601.23392)

CPU:total 4 (2 cores per cpu, 2 threads per core) family 6 model 37 stepping 5, cmov, cx8, fxsr, mmx, sse, sse2, sse3, ssse3, sse4.1, sse4.2, popcnt, aes, clmul, ht, tsc, tscinvbit

Memory: 4k page, physical 8179368k(1036056k free), swap 8177512k(5240k free)

vm_info: Java HotSpot(TM) 64-Bit Server VM (25.91-b14) for windows-amd64 JRE (1.8.0_91-b14), built on Apr  1 2016 00:58:32 by "java_re" with MS VC++ 10.0 (VS2010)

time: Mon May 02 17:54:19 2016
elapsed time: 21 seconds (0d 0h 0m 21s)

